<?xml version="1.0" encoding="UTF-8"?>
<!-- Generated by org.testng.reporters.JUnitXMLReporter -->
<testsuite ignored="0" hostname="DESKTOP-O7TOJMR" failures="0" tests="4" name="Default test" time="38.255" errors="0" timestamp="2024-02-06T19:12:10 IST">
  <testcase classname="groceryTestCases.PushNotificationTestCases" name="VerifySendButtonText" time="3.994"/>
  <testcase classname="groceryTestCases.PushNotificationTestCases" name="verifyBackGroundColorOfReset" time="2.242"/>
  <testcase classname="groceryTestCases.PushNotificationTestCases" name="verifyNavigatedToPushNotificationPage" time="2.767"/>
  <testcase classname="groceryTestCases.PushNotificationTestCases" name="verifyPushNotificationSend" time="7.332"/>
</testsuite> <!-- Default test -->
