<?xml version="1.0" encoding="UTF-8"?>
<!-- Generated by org.testng.reporters.JUnitXMLReporter -->
<testsuite ignored="1" hostname="DESKTOP-O7TOJMR" failures="0" tests="2" name="test1" time="30.318" errors="0" timestamp="2024-01-24T06:54:55 IST">
  <testcase classname="groceryTestCases.PushNotificationTestCases" name="VerifySendButtonText" time="7.423"/>
  <testcase classname="groceryTestCases.PushNotificationTestCases" name="verifyNavigatedToPushNotificationPage" time="3.022"/>
  <testcase classname="groceryTestCases.PushNotificationTestCases" name="verifyBackGroundColorOfReset" time="0.0">
    <ignored/>
  </testcase> <!-- verifyBackGroundColorOfReset -->
</testsuite> <!-- test1 -->
