<?xml version="1.0" encoding="UTF-8"?>
<testng-results ignored="0" total="4" passed="4" failed="0" skipped="0">
  <reporter-output>
  </reporter-output>
  <suite started-at="2024-02-06T19:11:32 IST" name="Default suite" finished-at="2024-02-06T19:12:10 IST" duration-ms="38255">
    <groups>
      <group name="critical">
        <method signature="PushNotificationTestCases.VerifySendButtonText()[pri:0, instance:groceryTestCases.PushNotificationTestCases@6150c3ec]" name="VerifySendButtonText" class="groceryTestCases.PushNotificationTestCases"/>
        <method signature="PushNotificationTestCases.verifyNavigatedToPushNotificationPage()[pri:0, instance:groceryTestCases.PushNotificationTestCases@6150c3ec]" name="verifyNavigatedToPushNotificationPage" class="groceryTestCases.PushNotificationTestCases"/>
      </group> <!-- critical -->
    </groups>
    <test started-at="2024-02-06T19:11:32 IST" name="Default test" finished-at="2024-02-06T19:12:10 IST" duration-ms="38255">
      <class name="groceryTestCases.PushNotificationTestCases">
        <test-method is-config="true" signature="beforeMethod()[pri:0, instance:groceryTestCases.PushNotificationTestCases@6150c3ec]" started-at="2024-02-06T19:11:32 IST" name="beforeMethod" finished-at="2024-02-06T19:11:38 IST" duration-ms="5799" status="PASS">
          <reporter-output>
          </reporter-output>
        </test-method> <!-- beforeMethod -->
        <test-method signature="VerifySendButtonText()[pri:0, instance:groceryTestCases.PushNotificationTestCases@6150c3ec]" started-at="2024-02-06T19:11:38 IST" name="VerifySendButtonText" finished-at="2024-02-06T19:11:42 IST" duration-ms="3994" status="PASS">
          <reporter-output>
          </reporter-output>
        </test-method> <!-- VerifySendButtonText -->
        <test-method is-config="true" signature="afterMethod(org.testng.ITestResult)[pri:0, instance:groceryTestCases.PushNotificationTestCases@6150c3ec]" started-at="2024-02-06T19:11:42 IST" name="afterMethod" finished-at="2024-02-06T19:11:42 IST" duration-ms="234" status="PASS">
          <params>
            <param index="0">
              <value>
                <![CDATA[[TestResult name=VerifySendButtonText status=SUCCESS method=PushNotificationTestCases.VerifySendButtonText()[pri:0, instance:groceryTestCases.PushNotificationTestCases@6150c3ec] output={null}]]]>
              </value>
            </param>
          </params>
          <reporter-output>
          </reporter-output>
        </test-method> <!-- afterMethod -->
        <test-method is-config="true" signature="beforeMethod()[pri:0, instance:groceryTestCases.PushNotificationTestCases@6150c3ec]" started-at="2024-02-06T19:11:42 IST" name="beforeMethod" finished-at="2024-02-06T19:11:48 IST" duration-ms="5395" status="PASS">
          <reporter-output>
          </reporter-output>
        </test-method> <!-- beforeMethod -->
        <test-method signature="verifyBackGroundColorOfReset()[pri:0, instance:groceryTestCases.PushNotificationTestCases@6150c3ec]" started-at="2024-02-06T19:11:48 IST" name="verifyBackGroundColorOfReset" finished-at="2024-02-06T19:11:50 IST" duration-ms="2242" status="PASS">
          <reporter-output>
          </reporter-output>
        </test-method> <!-- verifyBackGroundColorOfReset -->
        <test-method is-config="true" signature="afterMethod(org.testng.ITestResult)[pri:0, instance:groceryTestCases.PushNotificationTestCases@6150c3ec]" started-at="2024-02-06T19:11:50 IST" name="afterMethod" finished-at="2024-02-06T19:11:50 IST" duration-ms="147" status="PASS">
          <params>
            <param index="0">
              <value>
                <![CDATA[[TestResult name=verifyBackGroundColorOfReset status=SUCCESS method=PushNotificationTestCases.verifyBackGroundColorOfReset()[pri:0, instance:groceryTestCases.PushNotificationTestCases@6150c3ec] output={null}]]]>
              </value>
            </param>
          </params>
          <reporter-output>
          </reporter-output>
        </test-method> <!-- afterMethod -->
        <test-method is-config="true" signature="beforeMethod()[pri:0, instance:groceryTestCases.PushNotificationTestCases@6150c3ec]" started-at="2024-02-06T19:11:50 IST" name="beforeMethod" finished-at="2024-02-06T19:11:54 IST" duration-ms="4194" status="PASS">
          <reporter-output>
          </reporter-output>
        </test-method> <!-- beforeMethod -->
        <test-method signature="verifyNavigatedToPushNotificationPage()[pri:0, instance:groceryTestCases.PushNotificationTestCases@6150c3ec]" started-at="2024-02-06T19:11:54 IST" name="verifyNavigatedToPushNotificationPage" finished-at="2024-02-06T19:11:57 IST" duration-ms="2767" status="PASS">
          <reporter-output>
          </reporter-output>
        </test-method> <!-- verifyNavigatedToPushNotificationPage -->
        <test-method is-config="true" signature="afterMethod(org.testng.ITestResult)[pri:0, instance:groceryTestCases.PushNotificationTestCases@6150c3ec]" started-at="2024-02-06T19:11:57 IST" name="afterMethod" finished-at="2024-02-06T19:11:58 IST" duration-ms="527" status="PASS">
          <params>
            <param index="0">
              <value>
                <![CDATA[[TestResult name=verifyNavigatedToPushNotificationPage status=SUCCESS method=PushNotificationTestCases.verifyNavigatedToPushNotificationPage()[pri:0, instance:groceryTestCases.PushNotificationTestCases@6150c3ec] output={null}]]]>
              </value>
            </param>
          </params>
          <reporter-output>
          </reporter-output>
        </test-method> <!-- afterMethod -->
        <test-method is-config="true" signature="beforeMethod()[pri:0, instance:groceryTestCases.PushNotificationTestCases@6150c3ec]" started-at="2024-02-06T19:11:58 IST" name="beforeMethod" finished-at="2024-02-06T19:12:03 IST" duration-ms="5257" status="PASS">
          <reporter-output>
          </reporter-output>
        </test-method> <!-- beforeMethod -->
        <test-method signature="verifyPushNotificationSend()[pri:0, instance:groceryTestCases.PushNotificationTestCases@6150c3ec]" started-at="2024-02-06T19:12:03 IST" name="verifyPushNotificationSend" finished-at="2024-02-06T19:12:10 IST" duration-ms="7332" status="PASS">
          <reporter-output>
          </reporter-output>
        </test-method> <!-- verifyPushNotificationSend -->
        <test-method is-config="true" signature="afterMethod(org.testng.ITestResult)[pri:0, instance:groceryTestCases.PushNotificationTestCases@6150c3ec]" started-at="2024-02-06T19:12:10 IST" name="afterMethod" finished-at="2024-02-06T19:12:10 IST" duration-ms="181" status="PASS">
          <params>
            <param index="0">
              <value>
                <![CDATA[[TestResult name=verifyPushNotificationSend status=SUCCESS method=PushNotificationTestCases.verifyPushNotificationSend()[pri:0, instance:groceryTestCases.PushNotificationTestCases@6150c3ec] output={null}]]]>
              </value>
            </param>
          </params>
          <reporter-output>
          </reporter-output>
        </test-method> <!-- afterMethod -->
      </class> <!-- groceryTestCases.PushNotificationTestCases -->
    </test> <!-- Default test -->
  </suite> <!-- Default suite -->
</testng-results>
